\BOOKMARK [1][-]{section.1}{Primary Flux Environment}{}% 1
\BOOKMARK [2][-]{subsection.1.1}{Space-Time Dependence of Environment}{section.1}% 2
\BOOKMARK [3][-]{subsubsection.1.1.1}{Ephemeris Definition}{subsection.1.1}% 3
\BOOKMARK [3][-]{subsubsection.1.1.2}{Selenographic Extent}{subsection.1.1}% 4
\BOOKMARK [2][-]{subsection.1.2}{Sporadic Meteoroid Complex}{section.1}% 5
\BOOKMARK [2][-]{subsection.1.3}{Near-Earth Objects}{section.1}% 6
\BOOKMARK [2][-]{subsection.1.4}{Meteoroid Showers}{section.1}% 7
\BOOKMARK [1][-]{section.2}{Geometry and Coordinates}{}% 8
\BOOKMARK [2][-]{subsection.2.1}{Shapes}{section.2}% 9
\BOOKMARK [3][-]{subsubsection.2.1.1}{Sphere}{subsection.2.1}% 10
\BOOKMARK [3][-]{subsubsection.2.1.2}{Cylinder}{subsection.2.1}% 11
\BOOKMARK [3][-]{subsubsection.2.1.3}{Rectangular Prism}{subsection.2.1}% 12
\BOOKMARK [2][-]{subsection.2.2}{Shape Coordinates}{section.2}% 13
\BOOKMARK [2][-]{subsection.2.3}{Asset Geometry}{section.2}% 14
\BOOKMARK [2][-]{subsection.2.4}{Asset Coordinates}{section.2}% 15
\BOOKMARK [2][-]{subsection.2.5}{Planetary Geometry}{section.2}% 16
\BOOKMARK [2][-]{subsection.2.6}{Planetary Coordinates}{section.2}% 17
\BOOKMARK [1][-]{section.3}{Battleship Monte Carlo}{}% 18
\BOOKMARK [2][-]{subsection.3.1}{Standard Importance Sampling}{section.3}% 19
\BOOKMARK [2][-]{subsection.3.2}{Dynamic Importance Sampling with Annealing}{section.3}% 20
\BOOKMARK [1][-]{section*.1}{References}{}% 21
