\BOOKMARK [1][-]{section.1}{Executive Summary}{}% 1
\BOOKMARK [1][-]{section.2}{Introduction}{}% 2
\BOOKMARK [1][-]{section.3}{Input Environments}{}% 3
\BOOKMARK [2][-]{subsection.3.1}{Sporadic Meteoroid Environment}{section.3}% 4
\BOOKMARK [3][-]{subsubsection.3.1.1}{Latitudinal Dependence of Primary Flux}{subsection.3.1}% 5
\BOOKMARK [3][-]{subsubsection.3.1.2}{Density Distribution Function}{subsection.3.1}% 6
\BOOKMARK [3][-]{subsubsection.3.1.3}{Mass Spectrum}{subsection.3.1}% 7
\BOOKMARK [2][-]{subsection.3.2}{Near-Earth Asteroid Environment}{section.3}% 8
\BOOKMARK [3][-]{subsubsection.3.2.1}{Speed Distribution}{subsection.3.2}% 9
\BOOKMARK [3][-]{subsubsection.3.2.2}{Mass Spectrum}{subsection.3.2}% 10
\BOOKMARK [1][-]{section.4}{Output Environment Format}{}% 11
\BOOKMARK [2][-]{subsection.4.1}{Mass Limited Speed-Solid Angle Flux Distribution}{section.4}% 12
\BOOKMARK [1][-]{section.5}{Secondary Ejecta Model}{}% 13
\BOOKMARK [2][-]{subsection.5.1}{Assumptions and Simplifications}{section.5}% 14
\BOOKMARK [2][-]{subsection.5.2}{Conversion from Primary to Secondary Flux}{section.5}% 15
\BOOKMARK [2][-]{subsection.5.3}{Secondary Ejecta Distribution Function}{section.5}% 16
\BOOKMARK [3][-]{subsubsection.5.3.1}{Speed Distribution Function}{subsection.5.3}% 17
\BOOKMARK [3][-]{subsubsection.5.3.2}{Zenith Angle Distribution Function}{subsection.5.3}% 18
\BOOKMARK [3][-]{subsubsection.5.3.3}{Azimuth Angle Distribution Function}{subsection.5.3}% 19
\BOOKMARK [2][-]{subsection.5.4}{Lunar Regolith Properties}{section.5}% 20
\BOOKMARK [2][-]{subsection.5.5}{Secondary Particle Size Distribution Function}{section.5}% 21
\BOOKMARK [2][-]{subsection.5.6}{Ejecta Distance, Speed, and Angle Relations}{section.5}% 22
\BOOKMARK [2][-]{subsection.5.7}{Distance and Bearing}{section.5}% 23
\BOOKMARK [1][-]{section*.7}{References}{}% 24
