This is pdfTeX, Version 3.14159265-2.6-1.40.21 (MiKTeX 2.9.7300 64-bit) (preloaded format=pdflatex 2020.3.17)  28 OCT 2020 12:57
entering extended mode
**./Lunar_Impacts-DeStefano.tex
(Lunar_Impacts-DeStefano.tex
LaTeX2e <2020-02-02> patch level 5
L3 programming layer <2020-03-03> (hitec.cls
Document Class: hitec 2001/08/22 v0.0(beta) Hi-tec style document class
("C:\Users\adestefa\AppData\Local\Programs\MiKTeX 2.9\tex/latex/base\size10.clo
"
File: size10.clo 2019/12/20 v1.4l Standard LaTeX file (size option)
)
\leftmarginwidth=\dimen134
\fullwidth=\dimen135
\emptyfoottopmargin=\dimen136
\emptyheadtopmargin=\dimen137
\c@part=\count167
\c@section=\count168
\c@subsection=\count169
\c@subsubsection=\count170
\c@paragraph=\count171
\c@subparagraph=\count172
\c@figure=\count173
\c@table=\count174
\abovecaptionskip=\skip47
\belowcaptionskip=\skip48
\bibindent=\dimen138
)
("C:\Users\adestefa\AppData\Local\Programs\MiKTeX 2.9\tex/latex/graphics\graphi
cx.sty"
Package: graphicx 2019/11/30 v1.2a Enhanced LaTeX Graphics (DPC,SPQR)

("C:\Users\adestefa\AppData\Local\Programs\MiKTeX 2.9\tex/latex/graphics\keyval
.sty"
Package: keyval 2014/10/28 v1.15 key=value parser (DPC)
\KV@toks@=\toks15
)
("C:\Users\adestefa\AppData\Local\Programs\MiKTeX 2.9\tex/latex/graphics\graphi
cs.sty"
Package: graphics 2019/11/30 v1.4a Standard LaTeX Graphics (DPC,SPQR)

("C:\Users\adestefa\AppData\Local\Programs\MiKTeX 2.9\tex/latex/graphics\trig.s
ty"
Package: trig 2016/01/03 v1.10 sin cos tan (DPC)
)
("C:\Users\adestefa\AppData\Local\Programs\MiKTeX 2.9\tex/latex/graphics-cfg\gr
aphics.cfg"
File: graphics.cfg 2016/06/04 v1.11 sample graphics configuration
)
Package graphics Info: Driver file: pdftex.def on input line 105.

("C:\Users\adestefa\AppData\Local\Programs\MiKTeX 2.9\tex/latex/graphics-def\pd
ftex.def"
File: pdftex.def 2018/01/08 v1.0l Graphics/color driver for pdftex
))
\Gin@req@height=\dimen139
\Gin@req@width=\dimen140
)
("C:\Users\adestefa\AppData\Local\Programs\MiKTeX 2.9\tex/latex/graphics\lscape
.sty"
Package: lscape 2000/10/22 v3.01 Landscape Pages (DPC)
)
("C:\Users\adestefa\AppData\Local\Programs\MiKTeX 2.9\tex/latex/tools\longtable
.sty"
Package: longtable 2020/01/07 v4.13 Multi-page Table package (DPC)
\LTleft=\skip49
\LTright=\skip50
\LTpre=\skip51
\LTpost=\skip52
\LTchunksize=\count175
\LTcapwidth=\dimen141
\LT@head=\box45
\LT@firsthead=\box46
\LT@foot=\box47
\LT@lastfoot=\box48
\LT@cols=\count176
\LT@rows=\count177
\c@LT@tables=\count178
\c@LT@chunks=\count179
\LT@p@ftn=\toks16
)
("C:\Users\adestefa\AppData\Local\Programs\MiKTeX 2.9\tex/latex/caption\subcapt
ion.sty"
Package: subcaption 2020/01/22 v1.3d Sub-captions (AR)

("C:\Users\adestefa\AppData\Local\Programs\MiKTeX 2.9\tex/latex/caption\caption
.sty"
Package: caption 2020/01/03 v3.4h Customizing captions (AR)

("C:\Users\adestefa\AppData\Local\Programs\MiKTeX 2.9\tex/latex/caption\caption
3.sty"
Package: caption3 2020/01/03 v1.8h caption3 kernel (AR)
Package caption3 Info: TeX engine: e-TeX on input line 61.
\captionmargin=\dimen142
\captionmargin@=\dimen143
\captionwidth=\dimen144
\caption@tempdima=\dimen145
\caption@indent=\dimen146
\caption@parindent=\dimen147
\caption@hangindent=\dimen148
Package caption Info: Standard document class detected.
)
\c@caption@flags=\count180
\c@continuedfloat=\count181
Package caption Info: longtable package is loaded.

("C:\Users\adestefa\AppData\Local\Programs\MiKTeX 2.9\tex/latex/caption\ltcapti
on.sty"
Package: ltcaption 2018/08/26 v1.4a longtable captions (AR)
))
\c@subfigure=\count182
\c@subtable=\count183
)
("C:\Users\adestefa\AppData\Local\Programs\MiKTeX 2.9\tex/latex/grffile\grffile
.sty"
Package: grffile 2019/11/11 v2.1 Extended file name support for graphics (legac
y)
Package grffile Info: This package is an empty stub for compatibility on input 
line 40.
)
("C:\Users\adestefa\AppData\Local\Programs\MiKTeX 2.9\tex/latex/pdfpages\pdfpag
es.sty"
Package: pdfpages 2020/01/28 v0.5q Insert pages of external PDF documents (AM)

("C:\Users\adestefa\AppData\Local\Programs\MiKTeX 2.9\tex/latex/base\ifthen.sty
"
Package: ifthen 2014/09/29 v1.1c Standard LaTeX ifthen package (DPC)
)
("C:\Users\adestefa\AppData\Local\Programs\MiKTeX 2.9\tex/latex/tools\calc.sty"
Package: calc 2017/05/25 v4.3 Infix arithmetic (KKT,FJ)
\calc@Acount=\count184
\calc@Bcount=\count185
\calc@Adimen=\dimen149
\calc@Bdimen=\dimen150
\calc@Askip=\skip53
\calc@Bskip=\skip54
LaTeX Info: Redefining \setlength on input line 80.
LaTeX Info: Redefining \addtolength on input line 81.
\calc@Ccount=\count186
\calc@Cskip=\skip55
)
("C:\Users\adestefa\AppData\Local\Programs\MiKTeX 2.9\tex/latex/eso-pic\eso-pic
.sty"
Package: eso-pic 2018/04/12 v2.0h eso-pic (RN)

("C:\Users\adestefa\AppData\Local\Programs\MiKTeX 2.9\tex/generic/atbegshi\atbe
gshi.sty"
Package: atbegshi 2019/12/05 v1.19 At begin shipout hook (HO)

("C:\Users\adestefa\AppData\Local\Programs\MiKTeX 2.9\tex/generic/infwarerr\inf
warerr.sty"
Package: infwarerr 2019/12/03 v1.5 Providing info/warning/error messages (HO)
)
("C:\Users\adestefa\AppData\Local\Programs\MiKTeX 2.9\tex/generic/ltxcmds\ltxcm
ds.sty"
Package: ltxcmds 2019/12/15 v1.24 LaTeX kernel commands for general use (HO)
)
("C:\Users\adestefa\AppData\Local\Programs\MiKTeX 2.9\tex/generic/iftex\iftex.s
ty"
Package: iftex 2019/11/07 v1.0c TeX engine tests
))
("C:\Users\adestefa\AppData\Local\Programs\MiKTeX 2.9\tex/latex/xcolor\xcolor.s
ty"
Package: xcolor 2016/05/11 v2.12 LaTeX color extensions (UK)

("C:\Users\adestefa\AppData\Local\Programs\MiKTeX 2.9\tex/latex/graphics-cfg\co
lor.cfg"
File: color.cfg 2016/01/02 v1.6 sample color configuration
)
Package xcolor Info: Driver file: pdftex.def on input line 225.
Package xcolor Info: Model `cmy' substituted by `cmy0' on input line 1348.
Package xcolor Info: Model `hsb' substituted by `rgb' on input line 1352.
Package xcolor Info: Model `RGB' extended on input line 1364.
Package xcolor Info: Model `HTML' substituted by `rgb' on input line 1366.
Package xcolor Info: Model `Hsb' substituted by `hsb' on input line 1367.
Package xcolor Info: Model `tHsb' substituted by `hsb' on input line 1368.
Package xcolor Info: Model `HSB' substituted by `hsb' on input line 1369.
Package xcolor Info: Model `Gray' substituted by `gray' on input line 1370.
Package xcolor Info: Model `wave' substituted by `hsb' on input line 1371.
))
\AM@pagewidth=\dimen151
\AM@pageheight=\dimen152

("C:\Users\adestefa\AppData\Local\Programs\MiKTeX 2.9\tex/latex/pdfpages\pppdft
ex.def"
File: pppdftex.def 2020/01/28 v0.5q Pdfpages driver for pdfTeX (AM)
)
\AM@pagebox=\box49
\AM@global@opts=\toks17
\AM@pagecnt=\count187
\AM@toc@title=\toks18
\c@AM@survey=\count188
\AM@templatesizebox=\box50
)
("C:\Users\adestefa\AppData\Local\Programs\MiKTeX 2.9\tex/latex/listings\listin
gs.sty"
\lst@mode=\count189
\lst@gtempboxa=\box51
\lst@token=\toks19
\lst@length=\count190
\lst@currlwidth=\dimen153
\lst@column=\count191
\lst@pos=\count192
\lst@lostspace=\dimen154
\lst@width=\dimen155
\lst@newlines=\count193
\lst@lineno=\count194
\lst@maxwidth=\dimen156

("C:\Users\adestefa\AppData\Local\Programs\MiKTeX 2.9\tex/latex/listings\lstmis
c.sty"
File: lstmisc.sty 2019/09/10 1.8c (Carsten Heinz)
\c@lstnumber=\count195
\lst@skipnumbers=\count196
\lst@framebox=\box52
)
("C:\Users\adestefa\AppData\Local\Programs\MiKTeX 2.9\tex/latex/listings\listin
gs.cfg"
File: listings.cfg 2019/09/10 1.8c listings configuration
))
Package: listings 2019/09/10 1.8c (Carsten Heinz)

("C:\Users\adestefa\AppData\Local\Programs\MiKTeX 2.9\tex/latex/amsmath\amsmath
.sty"
Package: amsmath 2020/01/20 v2.17e AMS math features
\@mathmargin=\skip56

For additional information on amsmath, use the `?' option.

("C:\Users\adestefa\AppData\Local\Programs\MiKTeX 2.9\tex/latex/amsmath\amstext
.sty"
Package: amstext 2000/06/29 v2.01 AMS text

("C:\Users\adestefa\AppData\Local\Programs\MiKTeX 2.9\tex/latex/amsmath\amsgen.
sty"
File: amsgen.sty 1999/11/30 v2.0 generic functions
\@emptytoks=\toks20
\ex@=\dimen157
))
("C:\Users\adestefa\AppData\Local\Programs\MiKTeX 2.9\tex/latex/amsmath\amsbsy.
sty"
Package: amsbsy 1999/11/29 v1.2d Bold Symbols
\pmbraise@=\dimen158
)
("C:\Users\adestefa\AppData\Local\Programs\MiKTeX 2.9\tex/latex/amsmath\amsopn.
sty"
Package: amsopn 2016/03/08 v2.02 operator names
)
\inf@bad=\count197
LaTeX Info: Redefining \frac on input line 227.
\uproot@=\count198
\leftroot@=\count199
LaTeX Info: Redefining \overline on input line 389.
\classnum@=\count266
\DOTSCASE@=\count267
LaTeX Info: Redefining \ldots on input line 486.
LaTeX Info: Redefining \dots on input line 489.
LaTeX Info: Redefining \cdots on input line 610.
\Mathstrutbox@=\box53
\strutbox@=\box54
\big@size=\dimen159
LaTeX Font Info:    Redeclaring font encoding OML on input line 733.
LaTeX Font Info:    Redeclaring font encoding OMS on input line 734.
\macc@depth=\count268
\c@MaxMatrixCols=\count269
\dotsspace@=\muskip16
\c@parentequation=\count270
\dspbrk@lvl=\count271
\tag@help=\toks21
\row@=\count272
\column@=\count273
\maxfields@=\count274
\andhelp@=\toks22
\eqnshift@=\dimen160
\alignsep@=\dimen161
\tagshift@=\dimen162
\tagwidth@=\dimen163
\totwidth@=\dimen164
\lineht@=\dimen165
\@envbody=\toks23
\multlinegap=\skip57
\multlinetaggap=\skip58
\mathdisplay@stack=\toks24
LaTeX Info: Redefining \[ on input line 2859.
LaTeX Info: Redefining \] on input line 2860.
)
("C:\Users\adestefa\AppData\Local\Programs\MiKTeX 2.9\tex/latex/csvsimple\csvsi
mple.sty"
Package: csvsimple 2019/04/09 version 1.21 LaTeX CSV file processing

("C:\Users\adestefa\AppData\Local\Programs\MiKTeX 2.9\tex/latex/pgf/utilities\p
gfrcs.sty"
("C:\Users\adestefa\AppData\Local\Programs\MiKTeX 2.9\tex/generic/pgf/utilities
\pgfutil-common.tex"
\pgfutil@everybye=\toks25
\pgfutil@tempdima=\dimen166
\pgfutil@tempdimb=\dimen167

("C:\Users\adestefa\AppData\Local\Programs\MiKTeX 2.9\tex/generic/pgf/utilities
\pgfutil-common-lists.tex"))
("C:\Users\adestefa\AppData\Local\Programs\MiKTeX 2.9\tex/generic/pgf/utilities
\pgfutil-latex.def"
\pgfutil@abb=\box55

("C:\Users\adestefa\AppData\Local\Programs\MiKTeX 2.9\tex/latex/ms\everyshi.sty
"
Package: everyshi 2001/05/15 v3.00 EveryShipout Package (MS)
))
("C:\Users\adestefa\AppData\Local\Programs\MiKTeX 2.9\tex/generic/pgf/utilities
\pgfrcs.code.tex"
("C:\Users\adestefa\AppData\Local\Programs\MiKTeX 2.9\tex/generic/pgf\pgf.revis
ion.tex")
Package: pgfrcs 2020/01/08 v3.1.5b (3.1.5b)
))
("C:\Users\adestefa\AppData\Local\Programs\MiKTeX 2.9\tex/latex/pgf/utilities\p
gfkeys.sty"
("C:\Users\adestefa\AppData\Local\Programs\MiKTeX 2.9\tex/generic/pgf/utilities
\pgfkeys.code.tex"
\pgfkeys@pathtoks=\toks26
\pgfkeys@temptoks=\toks27

("C:\Users\adestefa\AppData\Local\Programs\MiKTeX 2.9\tex/generic/pgf/utilities
\pgfkeysfiltered.code.tex"
\pgfkeys@tmptoks=\toks28
)))
("C:\Users\adestefa\AppData\Local\Programs\MiKTeX 2.9\tex/latex/etoolbox\etoolb
ox.sty"
Package: etoolbox 2019/09/21 v2.5h e-TeX tools for LaTeX (JAW)
\etb@tempcnta=\count275
)
("C:\Users\adestefa\AppData\Local\Programs\MiKTeX 2.9\tex/latex/tools\shellesc.
sty"
Package: shellesc 2019/11/08 v1.0c unified shell escape interface for LaTeX
Package shellesc Info: Restricted shell escape enabled on input line 77.
)
\csv@file=\read2
\c@csvinputline=\count276
\c@csvrow=\count277
\c@csvcol=\count278
\csv@out=\write3
)
("C:\Users\adestefa\AppData\Local\Programs\MiKTeX 2.9\tex/latex/mathabx\mathabx
.sty"
Package: mathabx 2003/07/29 v0.0 Non-standard LaTeX package mathabx
\symmatha=\mathgroup4
\symmathb=\mathgroup5
\symmathx=\mathgroup6

("C:\Users\adestefa\AppData\Local\Programs\MiKTeX 2.9\tex/generic/mathabx\matha
bx.dcl"
LaTeX Font Info:    Redeclaring math symbol \cdotp on input line 25.
LaTeX Font Info:    Redeclaring math symbol \times on input line 33.
LaTeX Font Info:    Redeclaring math symbol \div on input line 34.
LaTeX Font Info:    Redeclaring math symbol \cdot on input line 35.
LaTeX Font Info:    Redeclaring math symbol \circ on input line 36.
LaTeX Font Info:    Redeclaring math symbol \ast on input line 38.
LaTeX Font Info:    Redeclaring math symbol \pm on input line 41.
LaTeX Font Info:    Redeclaring math symbol \mp on input line 42.
LaTeX Font Info:    Redeclaring math symbol \diamond on input line 45.
LaTeX Font Info:    Redeclaring math symbol \bullet on input line 46.
LaTeX Font Info:    Redeclaring math symbol \star on input line 47.
LaTeX Font Info:    Redeclaring math symbol \amalg on input line 51.
LaTeX Font Info:    Redeclaring math symbol \equiv on input line 83.
LaTeX Font Info:    Redeclaring math symbol \sim on input line 84.
LaTeX Font Info:    Redeclaring math symbol \approx on input line 85.
LaTeX Font Info:    Redeclaring math symbol \simeq on input line 86.
LaTeX Font Info:    Redeclaring math symbol \asymp on input line 89.
LaTeX Font Info:    Redeclaring math symbol \neg on input line 134.
LaTeX Font Info:    Redeclaring math symbol \ll on input line 136.
LaTeX Font Info:    Redeclaring math symbol \gg on input line 137.
LaTeX Font Info:    Redeclaring math symbol \vdash on input line 139.
LaTeX Font Info:    Redeclaring math symbol \dashv on input line 140.
LaTeX Font Info:    Redeclaring math symbol \flat on input line 158.
LaTeX Font Info:    Redeclaring math symbol \natural on input line 159.
LaTeX Font Info:    Redeclaring math symbol \sharp on input line 160.
LaTeX Font Info:    Redeclaring math symbol \infty on input line 161.
LaTeX Font Info:    Redeclaring math symbol \propto on input line 162.
LaTeX Font Info:    Redeclaring math symbol \dagger on input line 163.
LaTeX Font Info:    Redeclaring math symbol \ddagger on input line 164.
LaTeX Font Info:    Redeclaring math symbol \smile on input line 171.
LaTeX Font Info:    Redeclaring math symbol \frown on input line 172.
LaTeX Font Info:    Redeclaring math accent \dot on input line 193.
LaTeX Font Info:    Redeclaring math accent \ddot on input line 195.
LaTeX Font Info:    Redeclaring math symbol \setminus on input line 218.
LaTeX Font Info:    Redeclaring math symbol \mid on input line 222.
LaTeX Font Info:    Redeclaring math symbol \forall on input line 279.
LaTeX Font Info:    Redeclaring math symbol \partial on input line 281.
LaTeX Font Info:    Redeclaring math symbol \exists on input line 284.
LaTeX Font Info:    Redeclaring math symbol \emptyset on input line 288.
LaTeX Font Info:    Redeclaring math symbol \top on input line 290.
LaTeX Font Info:    Redeclaring math symbol \bot on input line 291.
LaTeX Font Info:    Redeclaring math symbol \perp on input line 292.
LaTeX Font Info:    Redeclaring math symbol \in on input line 299.
LaTeX Font Info:    Redeclaring math symbol \owns on input line 300.
LaTeX Font Info:    Redeclaring math symbol \cap on input line 312.
LaTeX Font Info:    Redeclaring math symbol \cup on input line 313.
LaTeX Font Info:    Redeclaring math symbol \uplus on input line 314.
LaTeX Font Info:    Redeclaring math symbol \sqcap on input line 315.
LaTeX Font Info:    Redeclaring math symbol \sqcup on input line 316.
LaTeX Font Info:    Redeclaring math symbol \wedge on input line 318.
LaTeX Font Info:    Redeclaring math symbol \vee on input line 320.
LaTeX Font Info:    Redeclaring math symbol \subset on input line 344.
LaTeX Font Info:    Redeclaring math symbol \supset on input line 345.
LaTeX Font Info:    Redeclaring math symbol \subseteq on input line 348.
LaTeX Font Info:    Redeclaring math symbol \supseteq on input line 349.
LaTeX Font Info:    Redeclaring math symbol \sqsubseteq on input line 380.
LaTeX Font Info:    Redeclaring math symbol \sqsupseteq on input line 381.
LaTeX Font Info:    Redeclaring math symbol \triangleleft on input line 407.
LaTeX Font Info:    Redeclaring math symbol \triangleright on input line 409.
LaTeX Font Info:    Redeclaring math symbol \leq on input line 439.
LaTeX Font Info:    Redeclaring math symbol \geq on input line 441.
LaTeX Font Info:    Redeclaring math symbol \prec on input line 498.
LaTeX Font Info:    Redeclaring math symbol \succ on input line 499.
LaTeX Font Info:    Redeclaring math symbol \preceq on input line 506.
LaTeX Font Info:    Redeclaring math symbol \succeq on input line 507.
LaTeX Font Info:    Redeclaring math symbol \leftarrow on input line 540.
LaTeX Font Info:    Redeclaring math symbol \rightarrow on input line 542.
LaTeX Font Info:    Redeclaring math symbol \nwarrow on input line 546.
LaTeX Font Info:    Redeclaring math symbol \nearrow on input line 547.
LaTeX Font Info:    Redeclaring math symbol \swarrow on input line 548.
LaTeX Font Info:    Redeclaring math symbol \searrow on input line 549.
LaTeX Font Info:    Redeclaring math symbol \leftrightarrow on input line 550.
LaTeX Font Info:    Redeclaring math symbol \mapstochar on input line 557.
LaTeX Font Info:    Redeclaring math symbol \leftharpoonup on input line 560.
LaTeX Font Info:    Redeclaring math symbol \rightharpoonup on input line 561.
LaTeX Font Info:    Redeclaring math symbol \leftharpoondown on input line 562.

LaTeX Font Info:    Redeclaring math symbol \rightharpoondown on input line 563
.
LaTeX Font Info:    Redeclaring math symbol \Leftarrow on input line 575.
LaTeX Font Info:    Redeclaring math symbol \Rightarrow on input line 576.
LaTeX Font Info:    Redeclaring math symbol \Leftrightarrow on input line 579.
LaTeX Font Info:    Redeclaring math symbol \rhook on input line 612.
LaTeX Font Info:    Redeclaring math symbol \lhook on input line 613.
LaTeX Font Info:    Redeclaring math symbol \oplus on input line 658.
LaTeX Font Info:    Redeclaring math symbol \ominus on input line 659.
LaTeX Font Info:    Redeclaring math symbol \otimes on input line 661.
LaTeX Font Info:    Redeclaring math symbol \odot on input line 663.
LaTeX Font Info:    Redeclaring math symbol \oslash on input line 675.
\mayacnter=\count279
\mayacnta=\count280
\mayacntb=\count281
\mayacntc=\count282
\mayawidth=\dimen168
LaTeX Font Info:    Redeclaring math symbol \intop on input line 753.
LaTeX Font Info:    Redeclaring math symbol \ointop on input line 760.
LaTeX Font Info:    Redeclaring math delimiter \lbrace on input line 842.
LaTeX Info: Redefining \{ on input line 846.
LaTeX Font Info:    Redeclaring math delimiter \rbrace on input line 848.
LaTeX Info: Redefining \} on input line 852.
LaTeX Font Info:    Redeclaring math delimiter \langle on input line 858.
LaTeX Font Info:    Redeclaring math delimiter \rangle on input line 859.
LaTeX Font Info:    Redeclaring math delimiter \vert on input line 863.
LaTeX Font Info:    Redeclaring math delimiter \Vert on input line 865.
LaTeX Font Info:    Redeclaring math delimiter \uparrow on input line 868.
LaTeX Font Info:    Redeclaring math delimiter \downarrow on input line 869.
LaTeX Font Info:    Redeclaring math delimiter \updownarrow on input line 870.
LaTeX Font Info:    Redeclaring math delimiter \Uparrow on input line 871.
LaTeX Font Info:    Redeclaring math delimiter \Downarrow on input line 872.
LaTeX Font Info:    Redeclaring math delimiter \Updownarrow on input line 873.
LaTeX Font Info:    Redeclaring math delimiter \lgroup on input line 880.
LaTeX Font Info:    Redeclaring math delimiter \rgroup on input line 881.
LaTeX Font Info:    Redeclaring math delimiter \lceil on input line 882.
LaTeX Font Info:    Redeclaring math delimiter \rceil on input line 883.
LaTeX Font Info:    Redeclaring math delimiter \lfloor on input line 884.
LaTeX Font Info:    Redeclaring math delimiter \rfloor on input line 885.
LaTeX Font Info:    Redeclaring math symbol \braceld on input line 903.
LaTeX Font Info:    Redeclaring math symbol \bracerd on input line 905.
LaTeX Font Info:    Redeclaring math symbol \bracelu on input line 907.
LaTeX Font Info:    Redeclaring math symbol \braceru on input line 909.
LaTeX Font Info:    Redeclaring math accent \widehat on input line 944.
LaTeX Font Info:    Redeclaring math accent \widetilde on input line 946.
))
("C:\Users\adestefa\AppData\Local\Programs\MiKTeX 2.9\tex/latex/titlesec\titles
ec.sty"
Package: titlesec 2019/10/16 v2.13 Sectioning titles
\ttl@box=\box56
\beforetitleunit=\skip59
\aftertitleunit=\skip60
\ttl@plus=\dimen169
\ttl@minus=\dimen170
\ttl@toksa=\toks29
\titlewidth=\dimen171
\titlewidthlast=\dimen172
\titlewidthfirst=\dimen173
)
("C:\Users\adestefa\AppData\Local\Programs\MiKTeX 2.9\tex/latex/hyperref\hyperr
ef.sty"
Package: hyperref 2020/01/14 v7.00d Hypertext links for LaTeX

("C:\Users\adestefa\AppData\Local\Programs\MiKTeX 2.9\tex/latex/pdftexcmds\pdft
excmds.sty"
Package: pdftexcmds 2019/11/24 v0.31 Utility functions of pdfTeX for LuaTeX (HO
)
Package pdftexcmds Info: \pdf@primitive is available.
Package pdftexcmds Info: \pdf@ifprimitive is available.
Package pdftexcmds Info: \pdfdraftmode found.
)
("C:\Users\adestefa\AppData\Local\Programs\MiKTeX 2.9\tex/generic/kvsetkeys\kvs
etkeys.sty"
Package: kvsetkeys 2019/12/15 v1.18 Key value parser (HO)
)
("C:\Users\adestefa\AppData\Local\Programs\MiKTeX 2.9\tex/generic/kvdefinekeys\
kvdefinekeys.sty"
Package: kvdefinekeys 2019-12-19 v1.6 Define keys (HO)
)
("C:\Users\adestefa\AppData\Local\Programs\MiKTeX 2.9\tex/generic/pdfescape\pdf
escape.sty"
Package: pdfescape 2019/12/09 v1.15 Implements pdfTeX's escape features (HO)
)
("C:\Users\adestefa\AppData\Local\Programs\MiKTeX 2.9\tex/latex/hycolor\hycolor
.sty"
Package: hycolor 2020-01-27 v1.10 Color options for hyperref/bookmark (HO)
)
("C:\Users\adestefa\AppData\Local\Programs\MiKTeX 2.9\tex/latex/letltxmacro\let
ltxmacro.sty"
Package: letltxmacro 2019/12/03 v1.6 Let assignment for LaTeX macros (HO)
)
("C:\Users\adestefa\AppData\Local\Programs\MiKTeX 2.9\tex/latex/auxhook\auxhook
.sty"
Package: auxhook 2019-12-17 v1.6 Hooks for auxiliary files (HO)
)
("C:\Users\adestefa\AppData\Local\Programs\MiKTeX 2.9\tex/latex/kvoptions\kvopt
ions.sty"
Package: kvoptions 2019/11/29 v3.13 Key value format for package options (HO)
)
\@linkdim=\dimen174
\Hy@linkcounter=\count283
\Hy@pagecounter=\count284

("C:\Users\adestefa\AppData\Local\Programs\MiKTeX 2.9\tex/latex/hyperref\pd1enc
.def"
File: pd1enc.def 2020/01/14 v7.00d Hyperref: PDFDocEncoding definition (HO)
Now handling font encoding PD1 ...
... no UTF-8 mapping file for font encoding PD1
)
("C:\Users\adestefa\AppData\Local\Programs\MiKTeX 2.9\tex/generic/intcalc\intca
lc.sty"
Package: intcalc 2019/12/15 v1.3 Expandable calculations with integers (HO)
)
("C:\Users\adestefa\AppData\Local\Programs\MiKTeX 2.9\tex/generic/etexcmds\etex
cmds.sty"
Package: etexcmds 2019/12/15 v1.7 Avoid name clashes with e-TeX commands (HO)
)
\Hy@SavedSpaceFactor=\count285
Package hyperref Info: Hyper figures OFF on input line 4547.
Package hyperref Info: Link nesting OFF on input line 4552.
Package hyperref Info: Hyper index ON on input line 4555.
Package hyperref Info: Plain pages OFF on input line 4562.
Package hyperref Info: Backreferencing OFF on input line 4567.
Package hyperref Info: Implicit mode ON; LaTeX internals redefined.
Package hyperref Info: Bookmarks ON on input line 4800.
\c@Hy@tempcnt=\count286

("C:\Users\adestefa\AppData\Local\Programs\MiKTeX 2.9\tex/latex/url\url.sty"
\Urlmuskip=\muskip17
Package: url 2013/09/16  ver 3.4  Verb mode for urls, etc.
)
LaTeX Info: Redefining \url on input line 5159.
\XeTeXLinkMargin=\dimen175

("C:\Users\adestefa\AppData\Local\Programs\MiKTeX 2.9\tex/generic/bitset\bitset
.sty"
Package: bitset 2019/12/09 v1.3 Handle bit-vector datatype (HO)

("C:\Users\adestefa\AppData\Local\Programs\MiKTeX 2.9\tex/generic/bigintcalc\bi
gintcalc.sty"
Package: bigintcalc 2019/12/15 v1.5 Expandable calculations on big integers (HO
)
))
\Fld@menulength=\count287
\Field@Width=\dimen176
\Fld@charsize=\dimen177
Package hyperref Info: Hyper figures OFF on input line 6430.
Package hyperref Info: Link nesting OFF on input line 6435.
Package hyperref Info: Hyper index ON on input line 6438.
Package hyperref Info: backreferencing OFF on input line 6445.
Package hyperref Info: Link coloring OFF on input line 6450.
Package hyperref Info: Link coloring with OCG OFF on input line 6455.
Package hyperref Info: PDF/A mode OFF on input line 6460.
LaTeX Info: Redefining \ref on input line 6500.
LaTeX Info: Redefining \pageref on input line 6504.
\Hy@abspage=\count288
\c@Item=\count289
\c@Hfootnote=\count290
)
Package hyperref Info: Driver (autodetected): hpdftex.

("C:\Users\adestefa\AppData\Local\Programs\MiKTeX 2.9\tex/latex/hyperref\hpdfte
x.def"
File: hpdftex.def 2020/01/14 v7.00d Hyperref driver for pdfTeX

("C:\Users\adestefa\AppData\Local\Programs\MiKTeX 2.9\tex/latex/atveryend\atver
yend.sty"
Package: atveryend 2019-12-11 v1.11 Hooks at the very end of document (HO)
)
\Fld@listcount=\count291
\c@bookmark@seq@number=\count292

("C:\Users\adestefa\AppData\Local\Programs\MiKTeX 2.9\tex/latex/rerunfilecheck\
rerunfilecheck.sty"
Package: rerunfilecheck 2019/12/05 v1.9 Rerun checks for auxiliary files (HO)

("C:\Users\adestefa\AppData\Local\Programs\MiKTeX 2.9\tex/generic/uniquecounter
\uniquecounter.sty"
Package: uniquecounter 2019/12/15 v1.4 Provide unlimited unique counter (HO)
)
Package uniquecounter Info: New unique counter `rerunfilecheck' on input line 2
86.
)
\Hy@SectionHShift=\skip61
)
("C:\Users\adestefa\AppData\Local\Programs\MiKTeX 2.9\tex/latex/enumitem\enumit
em.sty"
Package: enumitem 2019/06/20 v3.9 Customized lists
\labelindent=\skip62
\enit@outerparindent=\dimen178
\enit@toks=\toks30
\enit@inbox=\box57
\enit@count@id=\count293
\enitdp@description=\count294
)
("C:\Users\adestefa\AppData\Local\Programs\MiKTeX 2.9\tex/latex/pgfplots\pgfplo
ts.sty"
("C:\Users\adestefa\AppData\Local\Programs\MiKTeX 2.9\tex/generic/pgfplots\pgfp
lots.revision.tex")
Package: pgfplots 2020/02/29 v1.17 Data Visualization (1.17)

("C:\Users\adestefa\AppData\Local\Programs\MiKTeX 2.9\tex/latex/pgf/frontendlay
er\tikz.sty"
("C:\Users\adestefa\AppData\Local\Programs\MiKTeX 2.9\tex/latex/pgf/basiclayer\
pgf.sty"
Package: pgf 2020/01/08 v3.1.5b (3.1.5b)

("C:\Users\adestefa\AppData\Local\Programs\MiKTeX 2.9\tex/latex/pgf/basiclayer\
pgfcore.sty"
("C:\Users\adestefa\AppData\Local\Programs\MiKTeX 2.9\tex/latex/pgf/systemlayer
\pgfsys.sty"
("C:\Users\adestefa\AppData\Local\Programs\MiKTeX 2.9\tex/generic/pgf/systemlay
er\pgfsys.code.tex"
Package: pgfsys 2020/01/08 v3.1.5b (3.1.5b)

("C:\Users\adestefa\AppData\Local\Programs\MiKTeX 2.9\tex/generic/pgf/utilities
\pgfkeys.code.tex")
\pgf@x=\dimen179
\pgf@y=\dimen180
\pgf@xa=\dimen181
\pgf@ya=\dimen182
\pgf@xb=\dimen183
\pgf@yb=\dimen184
\pgf@xc=\dimen185
\pgf@yc=\dimen186
\pgf@xd=\dimen187
\pgf@yd=\dimen188
\w@pgf@writea=\write4
\r@pgf@reada=\read3
\c@pgf@counta=\count295
\c@pgf@countb=\count296
\c@pgf@countc=\count297
\c@pgf@countd=\count298
\t@pgf@toka=\toks31
\t@pgf@tokb=\toks32
\t@pgf@tokc=\toks33
\pgf@sys@id@count=\count299

("C:\Users\adestefa\AppData\Local\Programs\MiKTeX 2.9\tex/generic/pgf/systemlay
er\pgf.cfg"
File: pgf.cfg 2020/01/08 v3.1.5b (3.1.5b)
)
Driver file for pgf: pgfsys-pdftex.def

("C:\Users\adestefa\AppData\Local\Programs\MiKTeX 2.9\tex/generic/pgf/systemlay
er\pgfsys-pdftex.def"
File: pgfsys-pdftex.def 2020/01/08 v3.1.5b (3.1.5b)

("C:\Users\adestefa\AppData\Local\Programs\MiKTeX 2.9\tex/generic/pgf/systemlay
er\pgfsys-common-pdf.def"
File: pgfsys-common-pdf.def 2020/01/08 v3.1.5b (3.1.5b)
)))
("C:\Users\adestefa\AppData\Local\Programs\MiKTeX 2.9\tex/generic/pgf/systemlay
er\pgfsyssoftpath.code.tex"
File: pgfsyssoftpath.code.tex 2020/01/08 v3.1.5b (3.1.5b)
\pgfsyssoftpath@smallbuffer@items=\count300
\pgfsyssoftpath@bigbuffer@items=\count301
)
("C:\Users\adestefa\AppData\Local\Programs\MiKTeX 2.9\tex/generic/pgf/systemlay
er\pgfsysprotocol.code.tex"
File: pgfsysprotocol.code.tex 2020/01/08 v3.1.5b (3.1.5b)
))
("C:\Users\adestefa\AppData\Local\Programs\MiKTeX 2.9\tex/generic/pgf/basiclaye
r\pgfcore.code.tex"
Package: pgfcore 2020/01/08 v3.1.5b (3.1.5b)

("C:\Users\adestefa\AppData\Local\Programs\MiKTeX 2.9\tex/generic/pgf/math\pgfm
ath.code.tex"
("C:\Users\adestefa\AppData\Local\Programs\MiKTeX 2.9\tex/generic/pgf/math\pgfm
athcalc.code.tex"
("C:\Users\adestefa\AppData\Local\Programs\MiKTeX 2.9\tex/generic/pgf/math\pgfm
athutil.code.tex")
("C:\Users\adestefa\AppData\Local\Programs\MiKTeX 2.9\tex/generic/pgf/math\pgfm
athparser.code.tex"
\pgfmath@dimen=\dimen189
\pgfmath@count=\count302
\pgfmath@box=\box58
\pgfmath@toks=\toks34
\pgfmath@stack@operand=\toks35
\pgfmath@stack@operation=\toks36
)
("C:\Users\adestefa\AppData\Local\Programs\MiKTeX 2.9\tex/generic/pgf/math\pgfm
athfunctions.code.tex"
("C:\Users\adestefa\AppData\Local\Programs\MiKTeX 2.9\tex/generic/pgf/math\pgfm
athfunctions.basic.code.tex")
("C:\Users\adestefa\AppData\Local\Programs\MiKTeX 2.9\tex/generic/pgf/math\pgfm
athfunctions.trigonometric.code.tex")
("C:\Users\adestefa\AppData\Local\Programs\MiKTeX 2.9\tex/generic/pgf/math\pgfm
athfunctions.random.code.tex")
("C:\Users\adestefa\AppData\Local\Programs\MiKTeX 2.9\tex/generic/pgf/math\pgfm
athfunctions.comparison.code.tex")
("C:\Users\adestefa\AppData\Local\Programs\MiKTeX 2.9\tex/generic/pgf/math\pgfm
athfunctions.base.code.tex")
("C:\Users\adestefa\AppData\Local\Programs\MiKTeX 2.9\tex/generic/pgf/math\pgfm
athfunctions.round.code.tex")
("C:\Users\adestefa\AppData\Local\Programs\MiKTeX 2.9\tex/generic/pgf/math\pgfm
athfunctions.misc.code.tex")
("C:\Users\adestefa\AppData\Local\Programs\MiKTeX 2.9\tex/generic/pgf/math\pgfm
athfunctions.integerarithmetics.code.tex")))
("C:\Users\adestefa\AppData\Local\Programs\MiKTeX 2.9\tex/generic/pgf/math\pgfm
athfloat.code.tex"
\c@pgfmathroundto@lastzeros=\count303
))
("C:\Users\adestefa\AppData\Local\Programs\MiKTeX 2.9\tex/generic/pgf/math\pgfi
nt.code.tex")
("C:\Users\adestefa\AppData\Local\Programs\MiKTeX 2.9\tex/generic/pgf/basiclaye
r\pgfcorepoints.code.tex"
File: pgfcorepoints.code.tex 2020/01/08 v3.1.5b (3.1.5b)
\pgf@picminx=\dimen190
\pgf@picmaxx=\dimen191
\pgf@picminy=\dimen192
\pgf@picmaxy=\dimen193
\pgf@pathminx=\dimen194
\pgf@pathmaxx=\dimen195
\pgf@pathminy=\dimen196
\pgf@pathmaxy=\dimen197
\pgf@xx=\dimen198
\pgf@xy=\dimen199
\pgf@yx=\dimen256
\pgf@yy=\dimen257
\pgf@zx=\dimen258
\pgf@zy=\dimen259
)
("C:\Users\adestefa\AppData\Local\Programs\MiKTeX 2.9\tex/generic/pgf/basiclaye
r\pgfcorepathconstruct.code.tex"
File: pgfcorepathconstruct.code.tex 2020/01/08 v3.1.5b (3.1.5b)
\pgf@path@lastx=\dimen260
\pgf@path@lasty=\dimen261
)
("C:\Users\adestefa\AppData\Local\Programs\MiKTeX 2.9\tex/generic/pgf/basiclaye
r\pgfcorepathusage.code.tex"
File: pgfcorepathusage.code.tex 2020/01/08 v3.1.5b (3.1.5b)
\pgf@shorten@end@additional=\dimen262
\pgf@shorten@start@additional=\dimen263
)
("C:\Users\adestefa\AppData\Local\Programs\MiKTeX 2.9\tex/generic/pgf/basiclaye
r\pgfcorescopes.code.tex"
File: pgfcorescopes.code.tex 2020/01/08 v3.1.5b (3.1.5b)
\pgfpic=\box59
\pgf@hbox=\box60
\pgf@layerbox@main=\box61
\pgf@picture@serial@count=\count304
)
("C:\Users\adestefa\AppData\Local\Programs\MiKTeX 2.9\tex/generic/pgf/basiclaye
r\pgfcoregraphicstate.code.tex"
File: pgfcoregraphicstate.code.tex 2020/01/08 v3.1.5b (3.1.5b)
\pgflinewidth=\dimen264
)
("C:\Users\adestefa\AppData\Local\Programs\MiKTeX 2.9\tex/generic/pgf/basiclaye
r\pgfcoretransformations.code.tex"
File: pgfcoretransformations.code.tex 2020/01/08 v3.1.5b (3.1.5b)
\pgf@pt@x=\dimen265
\pgf@pt@y=\dimen266
\pgf@pt@temp=\dimen267
)
("C:\Users\adestefa\AppData\Local\Programs\MiKTeX 2.9\tex/generic/pgf/basiclaye
r\pgfcorequick.code.tex"
File: pgfcorequick.code.tex 2020/01/08 v3.1.5b (3.1.5b)
)
("C:\Users\adestefa\AppData\Local\Programs\MiKTeX 2.9\tex/generic/pgf/basiclaye
r\pgfcoreobjects.code.tex"
File: pgfcoreobjects.code.tex 2020/01/08 v3.1.5b (3.1.5b)
)
("C:\Users\adestefa\AppData\Local\Programs\MiKTeX 2.9\tex/generic/pgf/basiclaye
r\pgfcorepathprocessing.code.tex"
File: pgfcorepathprocessing.code.tex 2020/01/08 v3.1.5b (3.1.5b)
)
("C:\Users\adestefa\AppData\Local\Programs\MiKTeX 2.9\tex/generic/pgf/basiclaye
r\pgfcorearrows.code.tex"
File: pgfcorearrows.code.tex 2020/01/08 v3.1.5b (3.1.5b)
\pgfarrowsep=\dimen268
)
("C:\Users\adestefa\AppData\Local\Programs\MiKTeX 2.9\tex/generic/pgf/basiclaye
r\pgfcoreshade.code.tex"
File: pgfcoreshade.code.tex 2020/01/08 v3.1.5b (3.1.5b)
\pgf@max=\dimen269
\pgf@sys@shading@range@num=\count305
\pgf@shadingcount=\count306
)
("C:\Users\adestefa\AppData\Local\Programs\MiKTeX 2.9\tex/generic/pgf/basiclaye
r\pgfcoreimage.code.tex"
File: pgfcoreimage.code.tex 2020/01/08 v3.1.5b (3.1.5b)

("C:\Users\adestefa\AppData\Local\Programs\MiKTeX 2.9\tex/generic/pgf/basiclaye
r\pgfcoreexternal.code.tex"
File: pgfcoreexternal.code.tex 2020/01/08 v3.1.5b (3.1.5b)
\pgfexternal@startupbox=\box62
))
("C:\Users\adestefa\AppData\Local\Programs\MiKTeX 2.9\tex/generic/pgf/basiclaye
r\pgfcorelayers.code.tex"
File: pgfcorelayers.code.tex 2020/01/08 v3.1.5b (3.1.5b)
)
("C:\Users\adestefa\AppData\Local\Programs\MiKTeX 2.9\tex/generic/pgf/basiclaye
r\pgfcoretransparency.code.tex"
File: pgfcoretransparency.code.tex 2020/01/08 v3.1.5b (3.1.5b)
)
("C:\Users\adestefa\AppData\Local\Programs\MiKTeX 2.9\tex/generic/pgf/basiclaye
r\pgfcorepatterns.code.tex"
File: pgfcorepatterns.code.tex 2020/01/08 v3.1.5b (3.1.5b)
)
("C:\Users\adestefa\AppData\Local\Programs\MiKTeX 2.9\tex/generic/pgf/basiclaye
r\pgfcorerdf.code.tex"
File: pgfcorerdf.code.tex 2020/01/08 v3.1.5b (3.1.5b)
)))
("C:\Users\adestefa\AppData\Local\Programs\MiKTeX 2.9\tex/generic/pgf/modules\p
gfmoduleshapes.code.tex"
File: pgfmoduleshapes.code.tex 2020/01/08 v3.1.5b (3.1.5b)
\pgfnodeparttextbox=\box63
)
("C:\Users\adestefa\AppData\Local\Programs\MiKTeX 2.9\tex/generic/pgf/modules\p
gfmoduleplot.code.tex"
File: pgfmoduleplot.code.tex 2020/01/08 v3.1.5b (3.1.5b)
)
("C:\Users\adestefa\AppData\Local\Programs\MiKTeX 2.9\tex/latex/pgf/compatibili
ty\pgfcomp-version-0-65.sty"
Package: pgfcomp-version-0-65 2020/01/08 v3.1.5b (3.1.5b)
\pgf@nodesepstart=\dimen270
\pgf@nodesepend=\dimen271
)
("C:\Users\adestefa\AppData\Local\Programs\MiKTeX 2.9\tex/latex/pgf/compatibili
ty\pgfcomp-version-1-18.sty"
Package: pgfcomp-version-1-18 2020/01/08 v3.1.5b (3.1.5b)
))
("C:\Users\adestefa\AppData\Local\Programs\MiKTeX 2.9\tex/latex/pgf/utilities\p
gffor.sty"
("C:\Users\adestefa\AppData\Local\Programs\MiKTeX 2.9\tex/latex/pgf/math\pgfmat
h.sty"
("C:\Users\adestefa\AppData\Local\Programs\MiKTeX 2.9\tex/generic/pgf/math\pgfm
ath.code.tex"))
("C:\Users\adestefa\AppData\Local\Programs\MiKTeX 2.9\tex/generic/pgf/utilities
\pgffor.code.tex"
Package: pgffor 2020/01/08 v3.1.5b (3.1.5b)

("C:\Users\adestefa\AppData\Local\Programs\MiKTeX 2.9\tex/generic/pgf/math\pgfm
ath.code.tex")
\pgffor@iter=\dimen272
\pgffor@skip=\dimen273
\pgffor@stack=\toks37
\pgffor@toks=\toks38
))
("C:\Users\adestefa\AppData\Local\Programs\MiKTeX 2.9\tex/generic/pgf/frontendl
ayer/tikz\tikz.code.tex"
Package: tikz 2020/01/08 v3.1.5b (3.1.5b)

("C:\Users\adestefa\AppData\Local\Programs\MiKTeX 2.9\tex/generic/pgf/libraries
\pgflibraryplothandlers.code.tex"
File: pgflibraryplothandlers.code.tex 2020/01/08 v3.1.5b (3.1.5b)
\pgf@plot@mark@count=\count307
\pgfplotmarksize=\dimen274
)
\tikz@lastx=\dimen275
\tikz@lasty=\dimen276
\tikz@lastxsaved=\dimen277
\tikz@lastysaved=\dimen278
\tikz@lastmovetox=\dimen279
\tikz@lastmovetoy=\dimen280
\tikzleveldistance=\dimen281
\tikzsiblingdistance=\dimen282
\tikz@figbox=\box64
\tikz@figbox@bg=\box65
\tikz@tempbox=\box66
\tikz@tempbox@bg=\box67
\tikztreelevel=\count308
\tikznumberofchildren=\count309
\tikznumberofcurrentchild=\count310
\tikz@fig@count=\count311

("C:\Users\adestefa\AppData\Local\Programs\MiKTeX 2.9\tex/generic/pgf/modules\p
gfmodulematrix.code.tex"
File: pgfmodulematrix.code.tex 2020/01/08 v3.1.5b (3.1.5b)
\pgfmatrixcurrentrow=\count312
\pgfmatrixcurrentcolumn=\count313
\pgf@matrix@numberofcolumns=\count314
)
\tikz@expandcount=\count315

("C:\Users\adestefa\AppData\Local\Programs\MiKTeX 2.9\tex/generic/pgf/frontendl
ayer/tikz/libraries\tikzlibrarytopaths.code.tex"
File: tikzlibrarytopaths.code.tex 2020/01/08 v3.1.5b (3.1.5b)
)))
("C:\Users\adestefa\AppData\Local\Programs\MiKTeX 2.9\tex/generic/pgfplots\pgfp
lots.code.tex"
("C:\Users\adestefa\AppData\Local\Programs\MiKTeX 2.9\tex/generic/pgfplots\pgfp
lotscore.code.tex"
\t@pgfplots@toka=\toks39
\t@pgfplots@tokb=\toks40
\t@pgfplots@tokc=\toks41
\pgfplots@tmpa=\dimen283
\c@pgfplots@coordindex=\count316
\c@pgfplots@scanlineindex=\count317

("C:\Users\adestefa\AppData\Local\Programs\MiKTeX 2.9\tex/generic/pgfplots/sys\
pgfplotssysgeneric.code.tex"))
("C:\Users\adestefa\AppData\Local\Programs\MiKTeX 2.9\tex/generic/pgfplots/libs
\pgfplotslibrary.code.tex")
("C:\Users\adestefa\AppData\Local\Programs\MiKTeX 2.9\tex/generic/pgfplots/oldp
gfcompatib\pgfplotsoldpgfsupp_loader.code.tex"
("C:\Users\adestefa\AppData\Local\Programs\MiKTeX 2.9\tex/generic/pgf/libraries
\pgflibraryfpu.code.tex"))
("C:\Users\adestefa\AppData\Local\Programs\MiKTeX 2.9\tex/generic/pgfplots/util
\pgfplotsutil.code.tex"
("C:\Users\adestefa\AppData\Local\Programs\MiKTeX 2.9\tex/generic/pgfplots/list
structure\pgfplotsliststructure.code.tex")
("C:\Users\adestefa\AppData\Local\Programs\MiKTeX 2.9\tex/generic/pgfplots/list
structure\pgfplotsliststructureext.code.tex")
("C:\Users\adestefa\AppData\Local\Programs\MiKTeX 2.9\tex/generic/pgfplots/list
structure\pgfplotsarray.code.tex"
\c@pgfplotsarray@tmp=\count318
)
("C:\Users\adestefa\AppData\Local\Programs\MiKTeX 2.9\tex/generic/pgfplots/list
structure\pgfplotsmatrix.code.tex")
("C:\Users\adestefa\AppData\Local\Programs\MiKTeX 2.9\tex/generic/pgfplots/numt
able\pgfplotstableshared.code.tex"
\c@pgfplotstable@counta=\count319
\t@pgfplotstable@a=\toks42
)
("C:\Users\adestefa\AppData\Local\Programs\MiKTeX 2.9\tex/generic/pgfplots/list
structure\pgfplotsdeque.code.tex")
("C:\Users\adestefa\AppData\Local\Programs\MiKTeX 2.9\tex/generic/pgfplots/util
\pgfplotsbinary.code.tex"
("C:\Users\adestefa\AppData\Local\Programs\MiKTeX 2.9\tex/generic/pgfplots/util
\pgfplotsbinary.data.code.tex"))
("C:\Users\adestefa\AppData\Local\Programs\MiKTeX 2.9\tex/generic/pgfplots/util
\pgfplotsutil.verb.code.tex")
("C:\Users\adestefa\AppData\Local\Programs\MiKTeX 2.9\tex/generic/pgfplots/libs
\pgflibrarypgfplots.surfshading.code.tex"
\c@pgfplotslibrarysurf@no=\count320

("C:\Users\adestefa\AppData\Local\Programs\MiKTeX 2.9\tex/generic/pgfplots/sys\
pgflibrarypgfplots.surfshading.pgfsys-pdftex.def")))
("C:\Users\adestefa\AppData\Local\Programs\MiKTeX 2.9\tex/generic/pgfplots/util
\pgfplotscolormap.code.tex"
("C:\Users\adestefa\AppData\Local\Programs\MiKTeX 2.9\tex/generic/pgfplots/util
\pgfplotscolor.code.tex"))
("C:\Users\adestefa\AppData\Local\Programs\MiKTeX 2.9\tex/generic/pgfplots\pgfp
lotsstackedplots.code.tex")
("C:\Users\adestefa\AppData\Local\Programs\MiKTeX 2.9\tex/generic/pgfplots\pgfp
lotsplothandlers.code.tex"
("C:\Users\adestefa\AppData\Local\Programs\MiKTeX 2.9\tex/generic/pgfplots\pgfp
lotsmeshplothandler.code.tex"
("C:\Users\adestefa\AppData\Local\Programs\MiKTeX 2.9\tex/generic/pgfplots\pgfp
lotsmeshplotimage.code.tex")))
("C:\Users\adestefa\AppData\Local\Programs\MiKTeX 2.9\tex/generic/pgfplots\pgfp
lots.scaling.code.tex")
("C:\Users\adestefa\AppData\Local\Programs\MiKTeX 2.9\tex/generic/pgfplots\pgfp
lotscoordprocessing.code.tex")
("C:\Users\adestefa\AppData\Local\Programs\MiKTeX 2.9\tex/generic/pgfplots\pgfp
lots.errorbars.code.tex")
("C:\Users\adestefa\AppData\Local\Programs\MiKTeX 2.9\tex/generic/pgfplots\pgfp
lots.markers.code.tex")
("C:\Users\adestefa\AppData\Local\Programs\MiKTeX 2.9\tex/generic/pgfplots\pgfp
lotsticks.code.tex")
("C:\Users\adestefa\AppData\Local\Programs\MiKTeX 2.9\tex/generic/pgfplots\pgfp
lots.paths.code.tex")
("C:\Users\adestefa\AppData\Local\Programs\MiKTeX 2.9\tex/generic/pgf/frontendl
ayer/tikz/libraries\tikzlibrarydecorations.code.tex"
("C:\Users\adestefa\AppData\Local\Programs\MiKTeX 2.9\tex/generic/pgf/modules\p
gfmoduledecorations.code.tex"
\pgfdecoratedcompleteddistance=\dimen284
\pgfdecoratedremainingdistance=\dimen285
\pgfdecoratedinputsegmentcompleteddistance=\dimen286
\pgfdecoratedinputsegmentremainingdistance=\dimen287
\pgf@decorate@distancetomove=\dimen288
\pgf@decorate@repeatstate=\count321
\pgfdecorationsegmentamplitude=\dimen289
\pgfdecorationsegmentlength=\dimen290
)
\tikz@lib@dec@box=\box68
)
("C:\Users\adestefa\AppData\Local\Programs\MiKTeX 2.9\tex/generic/pgf/frontendl
ayer/tikz/libraries\tikzlibrarydecorations.pathmorphing.code.tex"
("C:\Users\adestefa\AppData\Local\Programs\MiKTeX 2.9\tex/generic/pgf/libraries
/decorations\pgflibrarydecorations.pathmorphing.code.tex"))
("C:\Users\adestefa\AppData\Local\Programs\MiKTeX 2.9\tex/generic/pgf/frontendl
ayer/tikz/libraries\tikzlibrarydecorations.pathreplacing.code.tex"
("C:\Users\adestefa\AppData\Local\Programs\MiKTeX 2.9\tex/generic/pgf/libraries
/decorations\pgflibrarydecorations.pathreplacing.code.tex"))
\pgfplots@numplots=\count322
\pgfplots@xmin@reg=\dimen291
\pgfplots@xmax@reg=\dimen292
\pgfplots@ymin@reg=\dimen293
\pgfplots@ymax@reg=\dimen294
\pgfplots@zmin@reg=\dimen295
\pgfplots@zmax@reg=\dimen296
)
("C:\Users\adestefa\AppData\Local\Programs\MiKTeX 2.9\tex/generic/pgf/frontendl
ayer/tikz/libraries\tikzlibraryplotmarks.code.tex"
File: tikzlibraryplotmarks.code.tex 2020/01/08 v3.1.5b (3.1.5b)

("C:\Users\adestefa\AppData\Local\Programs\MiKTeX 2.9\tex/generic/pgf/libraries
\pgflibraryplotmarks.code.tex"
File: pgflibraryplotmarks.code.tex 2020/01/08 v3.1.5b (3.1.5b)
)))
("C:\Users\adestefa\AppData\Local\Programs\MiKTeX 2.9\tex/latex/natbib\natbib.s
ty"
Package: natbib 2010/09/13 8.31b (PWD, AO)
\bibhang=\skip63
\bibsep=\skip64
LaTeX Info: Redefining \cite on input line 694.
\c@NAT@ctr=\count323
)
Package hyperref Info: Option `colorlinks' set `true' on input line 35.
\c@subsubsubsection=\count324

("C:\Users\adestefa\AppData\Local\Programs\MiKTeX 2.9\tex/latex/l3backend\l3bac
kend-pdfmode.def"
File: l3backend-pdfmode.def 2020-02-23 L3 backend support: PDF mode
\l__kernel_color_stack_int=\count325
\l__pdf_internal_box=\box69
) (Lunar_Impacts-DeStefano.aux)
\openout1 = `Lunar_Impacts-DeStefano.aux'.

LaTeX Font Info:    Checking defaults for OML/cmm/m/it on input line 74.
LaTeX Font Info:    ... okay on input line 74.
LaTeX Font Info:    Checking defaults for OMS/cmsy/m/n on input line 74.
LaTeX Font Info:    ... okay on input line 74.
LaTeX Font Info:    Checking defaults for OT1/cmr/m/n on input line 74.
LaTeX Font Info:    ... okay on input line 74.
LaTeX Font Info:    Checking defaults for T1/cmr/m/n on input line 74.
LaTeX Font Info:    ... okay on input line 74.
LaTeX Font Info:    Checking defaults for TS1/cmr/m/n on input line 74.
LaTeX Font Info:    ... okay on input line 74.
LaTeX Font Info:    Checking defaults for OMX/cmex/m/n on input line 74.
LaTeX Font Info:    ... okay on input line 74.
LaTeX Font Info:    Checking defaults for U/mathx/m/n on input line 74.
LaTeX Font Info:    ... okay on input line 74.
LaTeX Font Info:    Checking defaults for PD1/pdf/m/n on input line 74.
LaTeX Font Info:    ... okay on input line 74.
LaTeX Font Info:    Trying to load font information for OT1+phv on input line 7
4.

("C:\Users\adestefa\AppData\Local\Programs\MiKTeX 2.9\tex/latex/psnfss\ot1phv.f
d"
File: ot1phv.fd 2001/06/04 scalable font definitions for OT1/phv.


LaTeX Warning: Font shape declaration has incorrect series value `mc'.
               It should not contain an `m'! Please correct it.
               Found on input line 21.


LaTeX Warning: Font shape declaration has incorrect series value `mc'.
               It should not contain an `m'! Please correct it.
               Found on input line 24.


LaTeX Warning: Font shape declaration has incorrect series value `mc'.
               It should not contain an `m'! Please correct it.
               Found on input line 27.


LaTeX Warning: Font shape declaration has incorrect series value `mc'.
               It should not contain an `m'! Please correct it.
               Found on input line 47.

)
("C:\Users\adestefa\AppData\Local\Programs\MiKTeX 2.9\tex/context/base/mkii\sup
p-pdf.mkii"
[Loading MPS to PDF converter (version 2006.09.02).]
\scratchcounter=\count326
\scratchdimen=\dimen297
\scratchbox=\box70
\nofMPsegments=\count327
\nofMParguments=\count328
\everyMPshowfont=\toks43
\MPscratchCnt=\count329
\MPscratchDim=\dimen298
\MPnumerator=\count330
\makeMPintoPDFobject=\count331
\everyMPtoPDFconversion=\toks44
)
("C:\Users\adestefa\AppData\Local\Programs\MiKTeX 2.9\tex/latex/epstopdf-pkg\ep
stopdf-base.sty"
Package: epstopdf-base 2020-01-24 v2.11 Base part for package epstopdf
Package epstopdf-base Info: Redefining graphics rule for `.eps' on input line 4
85.
)
Package caption Info: Begin \AtBeginDocument code.
Package caption Info: hyperref package is loaded.
Package caption Info: listings package is loaded.
Package caption Info: End \AtBeginDocument code.
\AtBeginShipoutBox=\box71

("C:\Users\adestefa\AppData\Local\Programs\MiKTeX 2.9\tex/latex/pdflscape\pdfls
cape.sty"
Package: pdflscape 2019/12/05 v0.12 Display of landscape pages in PDF (HO)
Package pdflscape Info: Auto-detected driver: pdftex on input line 81.
)
\c@lstlisting=\count332
 ABD: EveryShipout initializing macros
Package hyperref Info: Link coloring ON on input line 74.

("C:\Users\adestefa\AppData\Local\Programs\MiKTeX 2.9\tex/latex/hyperref\namere
f.sty"
Package: nameref 2019/09/16 v2.46 Cross-referencing by name of section

("C:\Users\adestefa\AppData\Local\Programs\MiKTeX 2.9\tex/latex/refcount\refcou
nt.sty"
Package: refcount 2019/12/15 v3.6 Data extraction from label references (HO)
)
("C:\Users\adestefa\AppData\Local\Programs\MiKTeX 2.9\tex/generic/gettitlestrin
g\gettitlestring.sty"
Package: gettitlestring 2019/12/15 v1.6 Cleanup title references (HO)
)
\c@section@level=\count333
)
LaTeX Info: Redefining \ref on input line 74.
LaTeX Info: Redefining \pageref on input line 74.
LaTeX Info: Redefining \nameref on input line 74.
 (Lunar_Impacts-DeStefano.out)
(Lunar_Impacts-DeStefano.out)
\@outlinefile=\write5
\openout5 = `Lunar_Impacts-DeStefano.out'.



Package pgfplots Warning: running in backwards compatibility mode (unsuitable t
ick labels; missing features). Consider writing \pgfplotsset{compat=1.17} into 
your preamble.
 on input line 74.

(Lunar_Impacts-DeStefano.toc [1

{C:/Users/adestefa/AppData/Local/MiKTeX/2.9/pdftex/config/pdftex.map}])
\tf@toc=\write6
\openout6 = `Lunar_Impacts-DeStefano.toc'.

 (Lunar_Impacts-DeStefano.lof
LaTeX Font Info:    Font shape `OT1/phv/m/it' in size <10> not available
(Font)              Font shape `OT1/phv/m/sl' tried instead on input line 4.
 [2]
Overfull \hbox (0.30156pt too wide) in paragraph at lines 15--15
 [][] [][][]\OT1/phv/m/n/10 The ge-o-met-ri-cal term of the sec-ondary ejecta s
peed dis-tri-bu-tion $\OMS/cmsy/m/n/10 G\U/matha/m/n/10 p\OML/cmm/m/it/10 D; v\
U/matha/m/n/10 q$ 
 []


Overfull \hbox (10.30142pt too wide) in paragraph at lines 16--16
 [][] [][][]\OT1/phv/m/n/10 The ge-o-met-ri-cal term of the sec-ondary ejecta d
is-tance dis-tri-bu-tion $\OMS/cmsy/m/n/10 G\U/matha/m/n/10 p\OML/cmm/m/it/10 D
; v\U/matha/m/n/10 q$ 
 []

)
\tf@lof=\write7
\openout7 = `Lunar_Impacts-DeStefano.lof'.

 (Lunar_Impacts-DeStefano.lot [3])
\tf@lot=\write8
\openout8 = `Lunar_Impacts-DeStefano.lot'.

 [4]
<simpleExcavationCrater-Holsapple.jpg, id=427, 780.9175pt x 284.06125pt>
File: simpleExcavationCrater-Holsapple.jpg Graphic file (type jpg)
<use simpleExcavationCrater-Holsapple.jpg>
Package pdftex.def Info: simpleExcavationCrater-Holsapple.jpg  used on input li
ne 115.
(pdftex.def)             Requested size: 312.36147pt x 113.62247pt.


LaTeX Warning: `!h' float specifier changed to `!ht'.

[1

]
Overfull \hbox (3.59554pt too wide) in paragraph at lines 126--127
[][]\OT1/phv/m/sl/10 Moser et al.[][] \OT1/phv/m/n/10 [[][]2014[][]] found cor-
re-la-tion with the Vir-ginid me-teor shower com-plex (EVI/NVI)
 []

[2 <./simpleExcavationCrater-Holsapple.jpg>]
(README-HowToCompileSpheralLocally.txt [3]
LaTeX Font Info:    Trying to load font information for TS1+phv on input line 3
5.

("C:\Users\adestefa\AppData\Local\Programs\MiKTeX 2.9\tex/latex/psnfss\ts1phv.f
d"
File: ts1phv.fd 2001/06/04 scalable font definitions for TS1/phv.


LaTeX Warning: Font shape declaration has incorrect series value `mc'.
               It should not contain an `m'! Please correct it.
               Found on input line 17.


LaTeX Warning: Font shape declaration has incorrect series value `mc'.
               It should not contain an `m'! Please correct it.
               Found on input line 20.


LaTeX Warning: Font shape declaration has incorrect series value `mc'.
               It should not contain an `m'! Please correct it.
               Found on input line 34.

)
LaTeX Font Info:    Trying to load font information for OML+phv on input line 3
5.

("C:\Users\adestefa\AppData\Local\Programs\MiKTeX 2.9\tex/latex/psnfss\omlphv.f
d"
File: omlphv.fd 
)
LaTeX Font Info:    Font shape `OML/phv/m/n' in size <10> not available
(Font)              Font shape `OML/cmm/m/it' tried instead on input line 35.
) [4]
Overfull \hbox (1.91225pt too wide) in paragraph at lines 188--189
[]\OT1/cmss/m/n/10 srun -n $\U/matha/m/n/10  $\OT1/cmss/m/n/10 # of CPUs, max 3
6 per node$\U/matha/m/n/10 ¡$ \OT1/cmss/m/n/10 -p pde-bug python -i $\U/matha/m
/n/10  $\OT1/cmss/m/n/10 python[]script.py$\U/matha/m/n/10 ¡$ 
 []


Overfull \hbox (21.72765pt too wide) in paragraph at lines 189--190
[]\OT1/phv/m/n/10 Add any vari-able def-i-ni-tions af-ter the \OT1/cmss/m/n/10 
python[]script.py\OT1/phv/m/n/10 , such as \OT1/cmss/m/n/10 - -impactAngle=56\O
T1/phv/m/n/10 ,
 []


Package hyperref Warning: Token not allowed in a PDF string (PDFDocEncoding):
(hyperref)                removing `math shift' on input line 207.


Package hyperref Warning: Token not allowed in a PDF string (PDFDocEncoding):
(hyperref)                removing `\phi' on input line 207.


Package hyperref Warning: Token not allowed in a PDF string (PDFDocEncoding):
(hyperref)                removing `subscript' on input line 207.


Package hyperref Warning: Token not allowed in a PDF string (PDFDocEncoding):
(hyperref)                removing `math shift' on input line 207.


Package hyperref Warning: Token not allowed in a PDF string (PDFDocEncoding):
(hyperref)                removing `math shift' on input line 212.


Package hyperref Warning: Token not allowed in a PDF string (PDFDocEncoding):
(hyperref)                removing `subscript' on input line 212.


Package hyperref Warning: Token not allowed in a PDF string (PDFDocEncoding):
(hyperref)                removing `math shift' on input line 212.

[5] [6] [7] [8]
<../NEA_Brown/vmass.png, id=581, 587.5551pt x 441.5697pt>
File: ../NEA_Brown/vmass.png Graphic file (type png)
<use ../NEA_Brown/vmass.png>
Package pdftex.def Info: ../NEA_Brown/vmass.png  used on input line 351.
(pdftex.def)             Requested size: 264.39735pt x 198.70453pt.
 [9 <../NEA_Brown/vmass.png>]
<../LoDensity018_lat0.png, id=598, 462.528pt x 346.896pt>
File: ../LoDensity018_lat0.png Graphic file (type png)
<use ../LoDensity018_lat0.png>
Package pdftex.def Info: ../LoDensity018_lat0.png  used on input line 368.
(pdftex.def)             Requested size: 149.81396pt x 112.35875pt.
<../LoDensity036_lat90.png, id=599, 462.528pt x 346.896pt>
File: ../LoDensity036_lat90.png Graphic file (type png)
<use ../LoDensity036_lat90.png>
Package pdftex.def Info: ../LoDensity036_lat90.png  used on input line 375.
(pdftex.def)             Requested size: 149.81396pt x 112.35875pt.
<../HiDensity018_lat0.png, id=600, 462.528pt x 346.896pt>
File: ../HiDensity018_lat0.png Graphic file (type png)
<use ../HiDensity018_lat0.png>
Package pdftex.def Info: ../HiDensity018_lat0.png  used on input line 383.
(pdftex.def)             Requested size: 149.81396pt x 112.35875pt.
<../HiDensity036_lat90.png, id=601, 462.528pt x 346.896pt>
File: ../HiDensity036_lat90.png Graphic file (type png)
<use ../HiDensity036_lat90.png>
Package pdftex.def Info: ../HiDensity036_lat90.png  used on input line 390.
(pdftex.def)             Requested size: 149.81396pt x 112.35875pt.
 [10

 <../LoDensity018_lat0.png> <../LoDensity036_lat90.png> <../HiDensity018_lat0.p
ng> <../HiDensity036_lat90.png>]
<Carrier2003_Fig1_particle-size-distribution.PNG, id=615, 889.07156pt x 624.081
56pt>
File: Carrier2003_Fig1_particle-size-distribution.PNG Graphic file (type png)
<use Carrier2003_Fig1_particle-size-distribution.PNG>
Package pdftex.def Info: Carrier2003_Fig1_particle-size-distribution.PNG  used 
on input line 407.
(pdftex.def)             Requested size: 355.62233pt x 249.62819pt.
<Fit-to-CDF.PNG, id=634, 357.58594pt x 159.59625pt>
File: Fit-to-CDF.PNG Graphic file (type png)
<use Fit-to-CDF.PNG>
Package pdftex.def Info: Fit-to-CDF.PNG  used on input line 429.
(pdftex.def)             Requested size: 357.58505pt x 159.59584pt.
 [11 <./Carrier2003_Fig1_particle-size-distribution.PNG>] [12] [13 <./Fit-to-CD
F.PNG>]
<Fit-to-Nej.PNG, id=669, 313.77225pt x 155.3805pt>
File: Fit-to-Nej.PNG Graphic file (type png)
<use Fit-to-Nej.PNG>
Package pdftex.def Info: Fit-to-Nej.PNG  used on input line 475.
(pdftex.def)             Requested size: 313.77147pt x 155.3801pt.
 [14 <./Fit-to-Nej.PNG>] [15] [16]
<ExlusionRange_vs_ImpactAngle.png, id=729, 462.528pt x 346.896pt>
File: ExlusionRange_vs_ImpactAngle.png Graphic file (type png)
<use ExlusionRange_vs_ImpactAngle.png>
Package pdftex.def Info: ExlusionRange_vs_ImpactAngle.png  used on input line 6
32.
(pdftex.def)             Requested size: 300.63962pt x 225.47972pt.


LaTeX Warning: `!h' float specifier changed to `!ht'.

[17] [18 <./ExlusionRange_vs_ImpactAngle.png>] [19] [20]
Underfull \hbox (badness 10000) in paragraph at lines 765--767

 []


Overfull \hbox (7.76584pt too wide) in paragraph at lines 769--770
 []\OT1/phv/b/n/10 Alternative Az-imuth Dis-tri-bu-tion:[] \OT1/phv/m/n/10 The 
piece-wise func-tion de-fined in Equa-tion []
 []

LaTeX Font Info:    Font shape `OT1/phv/m/it' in size <8> not available
(Font)              Font shape `OT1/phv/m/sl' tried instead on input line 801.
[21] [22] [23]
<MEM_UG_Fig2.1_partile-mass-distribution.PNG, id=846, 428.35031pt x 321.45094pt
>
File: MEM_UG_Fig2.1_partile-mass-distribution.PNG Graphic file (type png)
<use MEM_UG_Fig2.1_partile-mass-distribution.PNG>
Package pdftex.def Info: MEM_UG_Fig2.1_partile-mass-distribution.PNG  used on i
nput line 960.
(pdftex.def)             Requested size: 278.4244pt x 208.94063pt.
 [24 <./MEM_UG_Fig2.1_partile-mass-distribution.PNG>]
<Fit-to-D_Grun.PNG, id=862, 326.72063pt x 167.87718pt>
File: Fit-to-D_Grun.PNG Graphic file (type png)
<use Fit-to-D_Grun.PNG>
Package pdftex.def Info: Fit-to-D_Grun.PNG  used on input line 977.
(pdftex.def)             Requested size: 326.71982pt x 167.87677pt.
 [25 <./Fit-to-D_Grun.PNG>]
<MEM_UG_Fig2.5_density-distribution.PNG, id=884, 694.84593pt x 472.76625pt>
File: MEM_UG_Fig2.5_density-distribution.PNG Graphic file (type png)
<use MEM_UG_Fig2.5_density-distribution.PNG>
Package pdftex.def Info: MEM_UG_Fig2.5_density-distribution.PNG  used on input 
line 1008.
(pdftex.def)             Requested size: 347.4221pt x 236.38254pt.
<Fit-to-MEM_low_dens.PNG, id=889, 432.86719pt x 157.33781pt>
File: Fit-to-MEM_low_dens.PNG Graphic file (type png)
<use Fit-to-MEM_low_dens.PNG>
Package pdftex.def Info: Fit-to-MEM_low_dens.PNG  used on input line 1016.
(pdftex.def)             Requested size: 367.93884pt x 133.73776pt.


LaTeX Warning: `!h' float specifier changed to `!ht'.

<Fit-to-MEM_high_dens.PNG, id=894, 432.11438pt x 155.83218pt>
File: Fit-to-MEM_high_dens.PNG Graphic file (type png)
<use Fit-to-MEM_high_dens.PNG>
Package pdftex.def Info: Fit-to-MEM_high_dens.PNG  used on input line 1022.
(pdftex.def)             Requested size: 367.29895pt x 132.45798pt.

LaTeX Warning: `!h' float specifier changed to `!ht'.

[26 <./MEM_UG_Fig2.5_density-distribution.PNG>] [27 <./Fit-to-MEM_low_dens.PNG>
 <./Fit-to-MEM_high_dens.PNG>] [28]
<Distance_vs_EjectaSpeed_and_ZenithAngle.png, id=935, 462.528pt x 346.896pt>
File: Distance_vs_EjectaSpeed_and_ZenithAngle.png Graphic file (type png)
<use Distance_vs_EjectaSpeed_and_ZenithAngle.png>
Package pdftex.def Info: Distance_vs_EjectaSpeed_and_ZenithAngle.png  used on i
nput line 1092.
(pdftex.def)             Requested size: 393.15065pt x 294.86298pt.

Overfull \hbox (18.15065pt too wide) in paragraph at lines 1092--1093
 [][] 
 []

[29 <./Distance_vs_EjectaSpeed_and_ZenithAngle.png>] [30] [31]
Underfull \hbox (badness 10000) in paragraph at lines 1209--1210

 []

[32]

Package hyperref Warning: Token not allowed in a PDF string (PDFDocEncoding):
(hyperref)                removing `math shift' on input line 1226.


Package hyperref Warning: Token not allowed in a PDF string (PDFDocEncoding):
(hyperref)                removing `math shift' on input line 1226.


Package hyperref Warning: Token not allowed in a PDF string (PDFDocEncoding):
(hyperref)                removing `math shift' on input line 1232.


Package hyperref Warning: Token not allowed in a PDF string (PDFDocEncoding):
(hyperref)                removing `subscript' on input line 1232.


Package hyperref Warning: Token not allowed in a PDF string (PDFDocEncoding):
(hyperref)                removing `math shift' on input line 1232.


Package hyperref Warning: Token not allowed in a PDF string (PDFDocEncoding):
(hyperref)                removing `math shift' on input line 1238.


Package hyperref Warning: Token not allowed in a PDF string (PDFDocEncoding):
(hyperref)                removing `math shift' on input line 1238.


Package hyperref Warning: Token not allowed in a PDF string (PDFDocEncoding):
(hyperref)                removing `math shift' on input line 1242.


Package hyperref Warning: Token not allowed in a PDF string (PDFDocEncoding):
(hyperref)                removing `math shift' on input line 1242.

<NASA-SP-8013-Fig10-flux-mass-distribution.PNG, id=1005, 658.71094pt x 851.4309
4pt>
File: NASA-SP-8013-Fig10-flux-mass-distribution.PNG Graphic file (type png)
<use NASA-SP-8013-Fig10-flux-mass-distribution.PNG>
Package pdftex.def Info: NASA-SP-8013-Fig10-flux-mass-distribution.PNG  used on
 input line 1255.
(pdftex.def)             Requested size: 329.35466pt x 425.71443pt.

LaTeX Warning: `!h' float specifier changed to `!ht'.

[33] [34 <./NASA-SP-8013-Fig10-flux-mass-distribution.PNG>] [35] [36] [37]
[38]

Package hyperref Warning: Token not allowed in a PDF string (PDFDocEncoding):
(hyperref)                removing `math shift' on input line 1413.


Package hyperref Warning: Token not allowed in a PDF string (PDFDocEncoding):
(hyperref)                removing `superscript' on input line 1413.


Package hyperref Warning: Token not allowed in a PDF string (PDFDocEncoding):
(hyperref)                removing `\circ' on input line 1413.


Package hyperref Warning: Token not allowed in a PDF string (PDFDocEncoding):
(hyperref)                removing `math shift' on input line 1413.

[39] [40] [41] [42] [43] [44]
Package epstopdf Info: Source file: <speed_dist.eps>
(epstopdf)                    date: 2020-08-18 09:17:59
(epstopdf)                    size: 98534 bytes
(epstopdf)             Output file: <speed_dist-eps-converted-to.pdf>
(epstopdf)                    date: 2020-08-18 09:17:59
(epstopdf)                    size: 34314 bytes
(epstopdf)             Command: <epstopdf --outfile=speed_dist-eps-converted-to
.pdf speed_dist.eps>
(epstopdf)             \includegraphics on input line 1658.
Package epstopdf Info: Output file is already uptodate.


pdfTeX warning: pdflatex.exe (file ./speed_dist-eps-converted-to.pdf): PDF incl
usion: found PDF version <1.7>, but at most version <1.5> allowed
<speed_dist-eps-converted-to.pdf, id=1230, 344.28625pt x 134.5025pt>
File: speed_dist-eps-converted-to.pdf Graphic file (type pdf)
<use speed_dist-eps-converted-to.pdf>
Package pdftex.def Info: speed_dist-eps-converted-to.pdf  used on input line 16
58.
(pdftex.def)             Requested size: 375.0pt x 146.50218pt.
[45 <./speed_dist-eps-converted-to.pdf>]
Package epstopdf Info: Source file: <speed_dist_2.eps>
(epstopdf)                    date: 2020-10-27 18:13:11
(epstopdf)                    size: 92256 bytes
(epstopdf)             Output file: <speed_dist_2-eps-converted-to.pdf>
(epstopdf)                    date: 2020-10-27 18:13:11
(epstopdf)                    size: 32084 bytes
(epstopdf)             Command: <epstopdf --outfile=speed_dist_2-eps-converted-
to.pdf speed_dist_2.eps>
(epstopdf)             \includegraphics on input line 1673.
Package epstopdf Info: Output file is already uptodate.


pdfTeX warning: pdflatex.exe (file ./speed_dist_2-eps-converted-to.pdf): PDF in
clusion: found PDF version <1.7>, but at most version <1.5> allowed
<speed_dist_2-eps-converted-to.pdf, id=1255, 339.2675pt x 121.45375pt>
File: speed_dist_2-eps-converted-to.pdf Graphic file (type pdf)
<use speed_dist_2-eps-converted-to.pdf>
Package pdftex.def Info: speed_dist_2-eps-converted-to.pdf  used on input line 
1673.
(pdftex.def)             Requested size: 375.0pt x 134.25185pt.

Underfull \hbox (badness 10000) in paragraph at lines 1677--1678

 []

[46 <./speed_dist_2-eps-converted-to.pdf>] [47] [48] [49]
(Lunar_Impacts-DeStefano.bbl [50

]) [51]
Package atveryend Info: Empty hook `BeforeClearDocument' on input line 1795.
Package atveryend Info: Empty hook `AfterLastShipout' on input line 1795.
 (Lunar_Impacts-DeStefano.aux)
Package atveryend Info: Executing hook `AtVeryEndDocument' on input line 1795.
Package atveryend Info: Executing hook `AtEndAfterFileList' on input line 1795.

Package rerunfilecheck Info: File `Lunar_Impacts-DeStefano.out' has not changed
.
(rerunfilecheck)             Checksum: 9274FCDA883AB377E3540992366CF00C;4581.
 ) 
Here is how much of TeX's memory you used:
 33156 strings out of 481292
 761304 string characters out of 2906380
 1190096 words of memory out of 3000000
 47610 multiletter control sequences out of 15000+200000
 565811 words of font info for 87 fonts, out of 3000000 for 9000
 1141 hyphenation exceptions out of 8191
 66i,13n,98p,962b,1805s stack positions out of 5000i,500n,10000p,200000b,50000s
 <C:\Users\adestefa\AppData\Local\MiKTeX\2.9\fonts/pk/ljfour/public/mathabx/d
pi420\mathx10.pk> <C:\Users\adestefa\AppData\Local\MiKTeX\2.9\fonts/pk/ljfour/p
ublic/mathabx/dpi600\matha12.pk> <C:\Users\adestefa\AppData\Local\MiKTeX\2.9\fo
nts/pk/ljfour/public/mathabx/dpi600\matha5.pk> <C:\Users\adestefa\AppData\Local
\MiKTeX\2.9\fonts/pk/ljfour/public/mathabx/dpi600\matha8.pk> <C:\Users\adestefa
\AppData\Local\MiKTeX\2.9\fonts/pk/ljfour/public/mathabx/dpi600\mathx10.pk> <C:
\Users\adestefa\AppData\Local\MiKTeX\2.9\fonts/pk/ljfour/public/mathabx/dpi600\
mathb7.pk> <C:\Users\adestefa\AppData\Local\MiKTeX\2.9\fonts/pk/ljfour/public/m
athabx/dpi600\matha7.pk> <C:\Users\adestefa\AppData\Local\MiKTeX\2.9\fonts/pk/l
jfour/public/mathabx/dpi600\matha10.pk>{C:/Users/adestefa/AppData/Local/Program
s/MiKTeX 2.9/fonts/enc/dvips/base/8r.enc}<C:/Users/adestefa/AppData/Local/Progr
ams/MiKTeX 2.9/fonts/type1/public/amsfonts/cm/cmmi10.pfb><C:/Users/adestefa/App
Data/Local/Programs/MiKTeX 2.9/fonts/type1/public/amsfonts/cm/cmmi12.pfb><C:/Us
ers/adestefa/AppData/Local/Programs/MiKTeX 2.9/fonts/type1/public/amsfonts/cm/c
mmi5.pfb><C:/Users/adestefa/AppData/Local/Programs/MiKTeX 2.9/fonts/type1/publi
c/amsfonts/cm/cmmi6.pfb><C:/Users/adestefa/AppData/Local/Programs/MiKTeX 2.9/fo
nts/type1/public/amsfonts/cm/cmmi7.pfb><C:/Users/adestefa/AppData/Local/Program
s/MiKTeX 2.9/fonts/type1/public/amsfonts/cm/cmmi8.pfb><C:/Users/adestefa/AppDat
a/Local/Programs/MiKTeX 2.9/fonts/type1/public/amsfonts/cm/cmr10.pfb><C:/Users/
adestefa/AppData/Local/Programs/MiKTeX 2.9/fonts/type1/public/amsfonts/cm/cmr5.
pfb><C:/Users/adestefa/AppData/Local/Programs/MiKTeX 2.9/fonts/type1/public/ams
fonts/cm/cmr6.pfb><C:/Users/adestefa/AppData/Local/Programs/MiKTeX 2.9/fonts/ty
pe1/public/amsfonts/cm/cmr7.pfb><C:/Users/adestefa/AppData/Local/Programs/MiKTe
X 2.9/fonts/type1/public/amsfonts/cm/cmr8.pfb><C:/Users/adestefa/AppData/Local/
Programs/MiKTeX 2.9/fonts/type1/public/amsfonts/cm/cmss10.pfb><C:/Users/adestef
a/AppData/Local/Programs/MiKTeX 2.9/fonts/type1/public/amsfonts/cm/cmss8.pfb><C
:/Users/adestefa/AppData/Local/Programs/MiKTeX 2.9/fonts/type1/public/amsfonts/
cm/cmsy10.pfb><C:/Users/adestefa/AppData/Local/Programs/MiKTeX 2.9/fonts/type1/
public/amsfonts/cm/cmtt10.pfb><C:/Users/adestefa/AppData/Local/Programs/MiKTeX 
2.9/fonts/type1/public/amsfonts/cm/cmtt8.pfb><C:/Users/adestefa/AppData/Local/P
rograms/MiKTeX 2.9/fonts/type1/urw/helvetic/uhvb8a.pfb><C:/Users/adestefa/AppDa
ta/Local/Programs/MiKTeX 2.9/fonts/type1/urw/helvetic/uhvr8a.pfb><C:/Users/ades
tefa/AppData/Local/Programs/MiKTeX 2.9/fonts/type1/urw/helvetic/uhvro8a.pfb>
Output written on Lunar_Impacts-DeStefano.pdf (55 pages, 1685793 bytes).
PDF statistics:
 1603 PDF objects out of 1728 (max. 8388607)
 454 named destinations out of 1000 (max. 500000)
 548 words of extra memory for PDF output out of 10000 (max. 10000000)

